<?xml version="1.0" encoding="UTF-8"?>
<!-- Generated by org.testng.reporters.JUnitReportReporter -->
<testsuite skipped="0" hostname="VIKASH" name="com.LearnJenkins.MavenJenkinsTest" tests="1" failures="0" timestamp="28 Mar 2020 21:31:47 GMT" time="34.607" errors="0">
  <testcase name="test" time="34.607" classname="com.LearnJenkins.MavenJenkinsTest"/>
</testsuite> <!-- com.LearnJenkins.MavenJenkinsTest -->
